{"numTotalTestSuites":17,"numPassedTestSuites":15,"numFailedTestSuites":2,"numPendingTestSuites":0,"numTotalTests":46,"numPassedTests":45,"numFailedTests":1,"numPendingTests":0,"numTodoTests":0,"snapshot":{"added":0,"failure":false,"filesAdded":0,"filesRemoved":0,"filesRemovedList":[],"filesUnmatched":0,"filesUpdated":0,"matched":0,"total":0,"unchecked":0,"uncheckedKeysByFile":[],"unmatched":0,"updated":0,"didUpdate":false},"startTime":1775716160390,"success":false,"testResults":[{"assertionResults":[{"ancestorTitles":["QRDisplay - QR Code Generation Tests"],"fullName":"QRDisplay - QR Code Generation Tests should render QR code for short room IDs (<100 chars)","status":"passed","title":"should render QR code for short room IDs (<100 chars)","duration":25.54859999999985,"failureMessages":[],"meta":{},"tags":[]},{"ancestorTitles":["QRDisplay - QR Code Generation Tests"],"fullName":"QRDisplay - QR Code Generation Tests should handle room IDs of various lengths (6-8 characters)","status":"passed","title":"should handle room IDs of various lengths (6-8 characters)","duration":12.04560000000015,"failureMessages":[],"meta":{},"tags":[]},{"ancestorTitles":["QRDisplay - QR Code Generation Tests"],"fullName":"QRDisplay - QR Code Generation Tests should generate low-density QR codes for short room IDs","status":"passed","title":"should generate low-density QR codes for short room IDs","duration":2.91579999999999,"failureMessages":[],"meta":{},"tags":[]},{"ancestorTitles":["QRDisplay - QR Code Generation Tests"],"fullName":"QRDisplay - QR Code Generation Tests should show \"too large\" warning for signal data >2000 characters","status":"passed","title":"should show \"too large\" warning for signal data >2000 characters","duration":4.139300000000048,"failureMessages":[],"meta":{},"tags":[]},{"ancestorTitles":["QRDisplay - QR Code Generation Tests"],"fullName":"QRDisplay - QR Code Generation Tests should use low error correction level for optimal scanning","status":"passed","title":"should use low error correction level for optimal scanning","duration":2.0761999999999716,"failureMessages":[],"meta":{},"tags":[]},{"ancestorTitles":["QRDisplay - QR Code Generation Tests"],"fullName":"QRDisplay - QR Code Generation Tests should have appropriate visual properties for easy scanning","status":"passed","title":"should have appropriate visual properties for easy scanning","duration":2.1107999999999265,"failureMessages":[],"meta":{},"tags":[]},{"ancestorTitles":["QRDisplay - QR Code Generation Tests"],"fullName":"QRDisplay - QR Code Generation Tests should render QR codes for valid room ID formats","status":"passed","title":"should render QR codes for valid room ID formats","duration":15.695300000000088,"failureMessages":[],"meta":{},"tags":[]},{"ancestorTitles":["QRDisplay - QR Code Generation Tests"],"fullName":"QRDisplay - QR Code Generation Tests should generate QR codes with fast scanning characteristics","status":"passed","title":"should generate QR codes with fast scanning characteristics","duration":2.018199999999979,"failureMessages":[],"meta":{},"tags":[]}],"startTime":1775716161831,"endTime":1775716161898.0183,"status":"passed","message":"","name":"C:/Users/hai.nguyen10/Desktop/My/code/send-media/src/components/QRDisplay.test.tsx"},{"assertionResults":[{"ancestorTitles":["QRScanner - Bug Condition Exploration: Camera Overlay Misalignment"],"fullName":"QRScanner - Bug Condition Exploration: Camera Overlay Misalignment Property 1: Overlay position matches video stream position (accounting for object-fit: contain)","status":"passed","title":"Property 1: Overlay position matches video stream position (accounting for object-fit: contain)","duration":2077.7214000000004,"failureMessages":[],"meta":{},"tags":[]},{"ancestorTitles":["QRScanner - Bug Condition Exploration: Camera Overlay Misalignment"],"fullName":"QRScanner - Bug Condition Exploration: Camera Overlay Misalignment Property 2: Overlay adapts to video dimensions regardless of container aspect ratio","status":"failed","title":"Property 2: Overlay adapts to video dimensions regardless of container aspect ratio","duration":18431.3322,"failureMessages":["Error: Property failed after 7 tests\n{ seed: 748278880, path: \"6:0:0\", endOnFailure: true }\nCounterexample: [320,400]\nShrunk 2 time(s)\n\nEncountered failures were:\n- [469,425]\n- [320,425]\n- [320,400]\n    at buildError (file:///C:/Users/hai.nguyen10/Desktop/My/code/send-media/node_modules/fast-check/lib/fast-check.js:2434:16)\n    at asyncThrowIfFailed (file:///C:/Users/hai.nguyen10/Desktop/My/code/send-media/node_modules/fast-check/lib/fast-check.js:2446:8)"],"meta":{},"tags":[]},{"ancestorTitles":["QRScanner - Task 5.4: Test across aspect ratios"],"fullName":"QRScanner - Task 5.4: Test across aspect ratios Test 1: 640x640 (1:1 square) video stream with square container","status":"passed","title":"Test 1: 640x640 (1:1 square) video stream with square container","duration":2038.1653000000006,"failureMessages":[],"meta":{},"tags":[]},{"ancestorTitles":["QRScanner - Task 5.4: Test across aspect ratios"],"fullName":"QRScanner - Task 5.4: Test across aspect ratios Test 2: 640x480 (4:3) video stream - verify overlay adapts","status":"passed","title":"Test 2: 640x480 (4:3) video stream - verify overlay adapts","duration":2047.2749000000003,"failureMessages":[],"meta":{},"tags":[]},{"ancestorTitles":["QRScanner - Task 5.4: Test across aspect ratios"],"fullName":"QRScanner - Task 5.4: Test across aspect ratios Test 3: Container with different aspect ratio (letterboxing scenario)","status":"passed","title":"Test 3: Container with different aspect ratio (letterboxing scenario)","duration":2031.1666000000005,"failureMessages":[],"meta":{},"tags":[]},{"ancestorTitles":["QRScanner - Task 5.4: Test across aspect ratios"],"fullName":"QRScanner - Task 5.4: Test across aspect ratios Test 4: Verify overlay uses correct CSS positioning","status":"passed","title":"Test 4: Verify overlay uses correct CSS positioning","duration":2052.1901999999973,"failureMessages":[],"meta":{},"tags":[]},{"ancestorTitles":["QRScanner - Task 5.4: Test across aspect ratios"],"fullName":"QRScanner - Task 5.4: Test across aspect ratios Test 5: Responsive behavior on window resize (Task 15)","status":"passed","title":"Test 5: Responsive behavior on window resize (Task 15)","duration":2031.8244999999988,"failureMessages":[],"meta":{},"tags":[]}],"startTime":1775716161855,"endTime":1775716192565.8245,"status":"failed","message":"","name":"C:/Users/hai.nguyen10/Desktop/My/code/send-media/src/components/QRScanner.test.tsx"},{"assertionResults":[{"ancestorTitles":["useWebRTC - Preservation Property Tests"],"fullName":"useWebRTC - Preservation Property Tests Property 1: Files transfer P2P over WebRTC data channel (no server)","status":"passed","title":"Property 1: Files transfer P2P over WebRTC data channel (no server)","duration":88.49559999999997,"failureMessages":[],"meta":{},"tags":[]},{"ancestorTitles":["useWebRTC - Preservation Property Tests"],"fullName":"useWebRTC - Preservation Property Tests Property 2: Chunked file transfer protocol remains unchanged","status":"passed","title":"Property 2: Chunked file transfer protocol remains unchanged","duration":1.2221999999999298,"failureMessages":[],"meta":{},"tags":[]},{"ancestorTitles":["useWebRTC - Preservation Property Tests"],"fullName":"useWebRTC - Preservation Property Tests Property 3: Chat messages use WebRTC data channel (P2P)","status":"passed","title":"Property 3: Chat messages use WebRTC data channel (P2P)","duration":1.1638000000000375,"failureMessages":[],"meta":{},"tags":[]},{"ancestorTitles":["useWebRTC - Preservation Property Tests"],"fullName":"useWebRTC - Preservation Property Tests Property 4: Manual copy/paste signaling flow works","status":"passed","title":"Property 4: Manual copy/paste signaling flow works","duration":68.36599999999999,"failureMessages":[],"meta":{},"tags":[]},{"ancestorTitles":["useWebRTC - Preservation Property Tests"],"fullName":"useWebRTC - Preservation Property Tests Property 5: Connection cleanup works correctly","status":"passed","title":"Property 5: Connection cleanup works correctly","duration":78.89790000000016,"failureMessages":[],"meta":{},"tags":[]},{"ancestorTitles":["useWebRTC - Preservation Property Tests"],"fullName":"useWebRTC - Preservation Property Tests Property 6: File transfer cancellation works","status":"passed","title":"Property 6: File transfer cancellation works","duration":0.782799999999952,"failureMessages":[],"meta":{},"tags":[]},{"ancestorTitles":["useWebRTC - Preservation Property Tests"],"fullName":"useWebRTC - Preservation Property Tests Property 7: Signaling works consistently (property-based)","status":"passed","title":"Property 7: Signaling works consistently (property-based)","duration":372.7370000000001,"failureMessages":[],"meta":{},"tags":[]}],"startTime":1775716161809,"endTime":1775716162420.737,"status":"passed","message":"","name":"C:/Users/hai.nguyen10/Desktop/My/code/send-media/src/hooks/useWebRTC.preservation.test.tsx"},{"assertionResults":[{"ancestorTitles":["useWebRTC - Bug Condition Exploration: QR Code Too Large"],"fullName":"useWebRTC - Bug Condition Exploration: QR Code Too Large Property 1: QR code character count is < 100 (currently >2000 on unfixed code)","status":"passed","title":"Property 1: QR code character count is < 100 (currently >2000 on unfixed code)","duration":85.83570000000009,"failureMessages":[],"meta":{},"tags":[]},{"ancestorTitles":["useWebRTC - Bug Condition Exploration: QR Code Too Large"],"fullName":"useWebRTC - Bug Condition Exploration: QR Code Too Large Property 2: QR code contains only room ID (6-8 characters), not full signal data","status":"passed","title":"Property 2: QR code contains only room ID (6-8 characters), not full signal data","duration":75.49369999999999,"failureMessages":[],"meta":{},"tags":[]},{"ancestorTitles":["useWebRTC - Bug Condition Exploration: QR Code Too Large"],"fullName":"useWebRTC - Bug Condition Exploration: QR Code Too Large Property 3: All generated QR codes are < 100 characters (property-based test)","status":"passed","title":"Property 3: All generated QR codes are < 100 characters (property-based test)","duration":1684.3905,"failureMessages":[],"meta":{},"tags":[]},{"ancestorTitles":["useWebRTC - Bug Condition Exploration: QR Code Too Large"],"fullName":"useWebRTC - Bug Condition Exploration: QR Code Too Large Property 4: Measure and document actual QR code character count","status":"passed","title":"Property 4: Measure and document actual QR code character count","duration":77.55839999999989,"failureMessages":[],"meta":{},"tags":[]}],"startTime":1775716161807,"endTime":1775716163729.5583,"status":"passed","message":"","name":"C:/Users/hai.nguyen10/Desktop/My/code/send-media/src/hooks/useWebRTC.test.tsx"},{"assertionResults":[{"ancestorTitles":["Supabase Signaling Functions - Unit Tests","createRoom"],"fullName":"Supabase Signaling Functions - Unit Tests createRoom should create room with valid offer and return room ID","status":"passed","title":"should create room with valid offer and return room ID","duration":5.912500000000023,"failureMessages":[],"meta":{},"tags":[]},{"ancestorTitles":["Supabase Signaling Functions - Unit Tests","createRoom"],"fullName":"Supabase Signaling Functions - Unit Tests createRoom should reject invalid signal data","status":"passed","title":"should reject invalid signal data","duration":2.657600000000002,"failureMessages":[],"meta":{},"tags":[]},{"ancestorTitles":["Supabase Signaling Functions - Unit Tests","createRoom"],"fullName":"Supabase Signaling Functions - Unit Tests createRoom should enforce rate limiting (10 rooms per hour)","status":"passed","title":"should enforce rate limiting (10 rooms per hour)","duration":1.1736999999999398,"failureMessages":[],"meta":{},"tags":[]},{"ancestorTitles":["Supabase Signaling Functions - Unit Tests","createRoom"],"fullName":"Supabase Signaling Functions - Unit Tests createRoom should handle database errors","status":"passed","title":"should handle database errors","duration":3.000599999999963,"failureMessages":[],"meta":{},"tags":[]},{"ancestorTitles":["Supabase Signaling Functions - Unit Tests","getOffer"],"fullName":"Supabase Signaling Functions - Unit Tests getOffer should retrieve offer with valid room ID","status":"passed","title":"should retrieve offer with valid room ID","duration":0.724700000000098,"failureMessages":[],"meta":{},"tags":[]},{"ancestorTitles":["Supabase Signaling Functions - Unit Tests","getOffer"],"fullName":"Supabase Signaling Functions - Unit Tests getOffer should reject invalid room ID formats","status":"passed","title":"should reject invalid room ID formats","duration":0.9963000000000193,"failureMessages":[],"meta":{},"tags":[]},{"ancestorTitles":["Supabase Signaling Functions - Unit Tests","getOffer"],"fullName":"Supabase Signaling Functions - Unit Tests getOffer should handle room not found","status":"passed","title":"should handle room not found","duration":0.8562999999999192,"failureMessages":[],"meta":{},"tags":[]},{"ancestorTitles":["Supabase Signaling Functions - Unit Tests","getOffer"],"fullName":"Supabase Signaling Functions - Unit Tests getOffer should sanitize input to prevent injection attacks","status":"passed","title":"should sanitize input to prevent injection attacks","duration":0.3311999999999671,"failureMessages":[],"meta":{},"tags":[]},{"ancestorTitles":["Supabase Signaling Functions - Unit Tests","submitAnswer"],"fullName":"Supabase Signaling Functions - Unit Tests submitAnswer should submit answer with valid room ID and answer","status":"passed","title":"should submit answer with valid room ID and answer","duration":0.9676999999999225,"failureMessages":[],"meta":{},"tags":[]},{"ancestorTitles":["Supabase Signaling Functions - Unit Tests","submitAnswer"],"fullName":"Supabase Signaling Functions - Unit Tests submitAnswer should reject invalid room ID formats","status":"passed","title":"should reject invalid room ID formats","duration":0.5159999999999627,"failureMessages":[],"meta":{},"tags":[]},{"ancestorTitles":["Supabase Signaling Functions - Unit Tests","submitAnswer"],"fullName":"Supabase Signaling Functions - Unit Tests submitAnswer should reject invalid signal data","status":"passed","title":"should reject invalid signal data","duration":0.6990000000000691,"failureMessages":[],"meta":{},"tags":[]},{"ancestorTitles":["Supabase Signaling Functions - Unit Tests","submitAnswer"],"fullName":"Supabase Signaling Functions - Unit Tests submitAnswer should reject when answer already exists (RLS policy)","status":"passed","title":"should reject when answer already exists (RLS policy)","duration":0.9307000000000016,"failureMessages":[],"meta":{},"tags":[]},{"ancestorTitles":["Supabase Signaling Functions - Unit Tests","pollAnswer"],"fullName":"Supabase Signaling Functions - Unit Tests pollAnswer should return null initially, then answer after submission","status":"passed","title":"should return null initially, then answer after submission","duration":0.495900000000006,"failureMessages":[],"meta":{},"tags":[]},{"ancestorTitles":["Supabase Signaling Functions - Unit Tests","pollAnswer"],"fullName":"Supabase Signaling Functions - Unit Tests pollAnswer should reject invalid room ID formats","status":"passed","title":"should reject invalid room ID formats","duration":0.606899999999996,"failureMessages":[],"meta":{},"tags":[]},{"ancestorTitles":["Supabase Signaling Functions - Unit Tests","pollAnswer"],"fullName":"Supabase Signaling Functions - Unit Tests pollAnswer should handle room not found","status":"passed","title":"should handle room not found","duration":0.6803999999999633,"failureMessages":[],"meta":{},"tags":[]},{"ancestorTitles":["Supabase Signaling Functions - Unit Tests","markCompleted"],"fullName":"Supabase Signaling Functions - Unit Tests markCompleted should mark room as completed","status":"passed","title":"should mark room as completed","duration":0.6877000000000635,"failureMessages":[],"meta":{},"tags":[]},{"ancestorTitles":["Supabase Signaling Functions - Unit Tests","markCompleted"],"fullName":"Supabase Signaling Functions - Unit Tests markCompleted should validate room ID format","status":"passed","title":"should validate room ID format","duration":0.6634000000000242,"failureMessages":[],"meta":{},"tags":[]},{"ancestorTitles":["Supabase Signaling Functions - Unit Tests","markCompleted"],"fullName":"Supabase Signaling Functions - Unit Tests markCompleted should handle database errors gracefully (non-critical)","status":"passed","title":"should handle database errors gracefully (non-critical)","duration":1.0419000000000551,"failureMessages":[],"meta":{},"tags":[]},{"ancestorTitles":["Supabase Signaling Functions - Unit Tests","Property-Based Tests"],"fullName":"Supabase Signaling Functions - Unit Tests Property-Based Tests Property: All generated room IDs match format /^[a-zA-Z0-9]{6,8}$/","status":"passed","title":"Property: All generated room IDs match format /^[a-zA-Z0-9]{6,8}$/","duration":5.152299999999968,"failureMessages":[],"meta":{},"tags":[]},{"ancestorTitles":["Supabase Signaling Functions - Unit Tests","Property-Based Tests"],"fullName":"Supabase Signaling Functions - Unit Tests Property-Based Tests Property: Invalid room IDs are always rejected","status":"passed","title":"Property: Invalid room IDs are always rejected","duration":2.8174000000000206,"failureMessages":[],"meta":{},"tags":[]}],"startTime":1775716161685,"endTime":1775716161716.8174,"status":"passed","message":"","name":"C:/Users/hai.nguyen10/Desktop/My/code/send-media/src/lib/supabase.test.ts"}]}